{"total": {"lines":{"total":226,"covered":202,"skipped":0,"pct":89.38},"statements":{"total":233,"covered":209,"skipped":0,"pct":89.69},"functions":{"total":49,"covered":46,"skipped":0,"pct":93.87},"branches":{"total":177,"covered":161,"skipped":0,"pct":90.96},"branchesTrue":{"total":0,"covered":0,"skipped":0,"pct":100}}
,"/Users/ericolson/dev/agentpatterns/codecohesion/viewer/src/lib/camera-configuration.ts": {"lines":{"total":3,"covered":3,"skipped":0,"pct":100},"functions":{"total":3,"covered":3,"skipped":0,"pct":100},"statements":{"total":3,"covered":3,"skipped":0,"pct":100},"branches":{"total":2,"covered":2,"skipped":0,"pct":100}}
,"/Users/ericolson/dev/agentpatterns/codecohesion/viewer/src/lib/cameraPositioning.ts": {"lines":{"total":11,"covered":11,"skipped":0,"pct":100},"functions":{"total":1,"covered":1,"skipped":0,"pct":100},"statements":{"total":11,"covered":11,"skipped":0,"pct":100},"branches":{"total":5,"covered":5,"skipped":0,"pct":100}}
,"/Users/ericolson/dev/agentpatterns/codecohesion/viewer/src/lib/data-loader.ts": {"lines":{"total":13,"covered":13,"skipped":0,"pct":100},"functions":{"total":3,"covered":3,"skipped":0,"pct":100},"statements":{"total":13,"covered":13,"skipped":0,"pct":100},"branches":{"total":19,"covered":18,"skipped":0,"pct":94.73}}
,"/Users/ericolson/dev/agentpatterns/codecohesion/viewer/src/lib/directory-color-aggregation.ts": {"lines":{"total":36,"covered":36,"skipped":0,"pct":100},"functions":{"total":4,"covered":4,"skipped":0,"pct":100},"statements":{"total":36,"covered":36,"skipped":0,"pct":100},"branches":{"total":12,"covered":12,"skipped":0,"pct":100}}
,"/Users/ericolson/dev/agentpatterns/codecohesion/viewer/src/lib/directory-visibility.ts": {"lines":{"total":1,"covered":1,"skipped":0,"pct":100},"functions":{"total":1,"covered":1,"skipped":0,"pct":100},"statements":{"total":1,"covered":1,"skipped":0,"pct":100},"branches":{"total":0,"covered":0,"skipped":0,"pct":100}}
,"/Users/ericolson/dev/agentpatterns/codecohesion/viewer/src/lib/fog-visibility.ts": {"lines":{"total":1,"covered":1,"skipped":0,"pct":100},"functions":{"total":1,"covered":1,"skipped":0,"pct":100},"statements":{"total":1,"covered":1,"skipped":0,"pct":100},"branches":{"total":0,"covered":0,"skipped":0,"pct":100}}
,"/Users/ericolson/dev/agentpatterns/codecohesion/viewer/src/lib/grid-visibility.ts": {"lines":{"total":1,"covered":1,"skipped":0,"pct":100},"functions":{"total":1,"covered":1,"skipped":0,"pct":100},"statements":{"total":1,"covered":1,"skipped":0,"pct":100},"branches":{"total":0,"covered":0,"skipped":0,"pct":100}}
,"/Users/ericolson/dev/agentpatterns/codecohesion/viewer/src/lib/layout-positioning.ts": {"lines":{"total":2,"covered":2,"skipped":0,"pct":100},"functions":{"total":2,"covered":2,"skipped":0,"pct":100},"statements":{"total":2,"covered":2,"skipped":0,"pct":100},"branches":{"total":4,"covered":4,"skipped":0,"pct":100}}
,"/Users/ericolson/dev/agentpatterns/codecohesion/viewer/src/lib/legend-adapter.ts": {"lines":{"total":8,"covered":8,"skipped":0,"pct":100},"functions":{"total":1,"covered":1,"skipped":0,"pct":100},"statements":{"total":8,"covered":8,"skipped":0,"pct":100},"branches":{"total":5,"covered":5,"skipped":0,"pct":100}}
,"/Users/ericolson/dev/agentpatterns/codecohesion/viewer/src/lib/node-sizing.ts": {"lines":{"total":9,"covered":9,"skipped":0,"pct":100},"functions":{"total":2,"covered":2,"skipped":0,"pct":100},"statements":{"total":9,"covered":9,"skipped":0,"pct":100},"branches":{"total":6,"covered":6,"skipped":0,"pct":100}}
,"/Users/ericolson/dev/agentpatterns/codecohesion/viewer/src/lib/repo-utils.ts": {"lines":{"total":1,"covered":1,"skipped":0,"pct":100},"functions":{"total":1,"covered":1,"skipped":0,"pct":100},"statements":{"total":1,"covered":1,"skipped":0,"pct":100},"branches":{"total":0,"covered":0,"skipped":0,"pct":100}}
,"/Users/ericolson/dev/agentpatterns/codecohesion/viewer/src/lib/test-fixtures.ts": {"lines":{"total":2,"covered":2,"skipped":0,"pct":100},"functions":{"total":2,"covered":2,"skipped":0,"pct":100},"statements":{"total":2,"covered":2,"skipped":0,"pct":100},"branches":{"total":28,"covered":28,"skipped":0,"pct":100}}
,"/Users/ericolson/dev/agentpatterns/codecohesion/viewer/src/lib/tree-indexers.ts": {"lines":{"total":21,"covered":21,"skipped":0,"pct":100},"functions":{"total":4,"covered":4,"skipped":0,"pct":100},"statements":{"total":21,"covered":21,"skipped":0,"pct":100},"branches":{"total":8,"covered":8,"skipped":0,"pct":100}}
,"/Users/ericolson/dev/agentpatterns/codecohesion/viewer/src/lib/tree-stats.ts": {"lines":{"total":40,"covered":31,"skipped":0,"pct":77.5},"functions":{"total":8,"covered":6,"skipped":0,"pct":75},"statements":{"total":42,"covered":33,"skipped":0,"pct":78.57},"branches":{"total":15,"covered":13,"skipped":0,"pct":86.66}}
,"/Users/ericolson/dev/agentpatterns/codecohesion/viewer/src/lib/tree-utils.ts": {"lines":{"total":11,"covered":11,"skipped":0,"pct":100},"functions":{"total":2,"covered":2,"skipped":0,"pct":100},"statements":{"total":12,"covered":12,"skipped":0,"pct":100},"branches":{"total":10,"covered":9,"skipped":0,"pct":90}}
,"/Users/ericolson/dev/agentpatterns/codecohesion/viewer/src/lib/visualizer-adapter.ts": {"lines":{"total":14,"covered":0,"skipped":0,"pct":0},"functions":{"total":1,"covered":0,"skipped":0,"pct":0},"statements":{"total":14,"covered":0,"skipped":0,"pct":0},"branches":{"total":6,"covered":0,"skipped":0,"pct":0}}
,"/Users/ericolson/dev/agentpatterns/codecohesion/viewer/src/lib/visualizer-config.ts": {"lines":{"total":4,"covered":4,"skipped":0,"pct":100},"functions":{"total":2,"covered":2,"skipped":0,"pct":100},"statements":{"total":4,"covered":4,"skipped":0,"pct":100},"branches":{"total":2,"covered":2,"skipped":0,"pct":100}}
,"/Users/ericolson/dev/agentpatterns/codecohesion/viewer/src/lib/html-builders/directory-details.ts": {"lines":{"total":2,"covered":2,"skipped":0,"pct":100},"functions":{"total":1,"covered":1,"skipped":0,"pct":100},"statements":{"total":2,"covered":2,"skipped":0,"pct":100},"branches":{"total":4,"covered":4,"skipped":0,"pct":100}}
,"/Users/ericolson/dev/agentpatterns/codecohesion/viewer/src/lib/html-builders/file-details.ts": {"lines":{"total":39,"covered":38,"skipped":0,"pct":97.43},"functions":{"total":2,"covered":2,"skipped":0,"pct":100},"statements":{"total":43,"covered":42,"skipped":0,"pct":97.67},"branches":{"total":51,"covered":45,"skipped":0,"pct":88.23}}
,"/Users/ericolson/dev/agentpatterns/codecohesion/viewer/src/lib/html-builders/legend.ts": {"lines":{"total":7,"covered":7,"skipped":0,"pct":100},"functions":{"total":7,"covered":7,"skipped":0,"pct":100},"statements":{"total":7,"covered":7,"skipped":0,"pct":100},"branches":{"total":0,"covered":0,"skipped":0,"pct":100}}
}
